<?xml version="1.0" encoding="UTF-8"?>
<!-- Generated by org.testng.reporters.JUnitReportReporter -->
<testsuite skipped="0" hostname="DESKTOP-0GRNSBL" name="com.groups.ww.GroupsOnClass1" tests="4" failures="0" timestamp="2019-09-23T22:31:47 CST" time="0.022" errors="0">
  <testcase name="stu1" time="0.014" classname="com.groups.ww.GroupsOnClass1"/>
  <testcase name="stu2" time="0.005" classname="com.groups.ww.GroupsOnClass1"/>
  <testcase name="stu1" time="0.001" classname="com.groups.ww.GroupsOnClass1"/>
  <testcase name="stu2" time="0.002" classname="com.groups.ww.GroupsOnClass1"/>
</testsuite> <!-- com.groups.ww.GroupsOnClass1 -->
