<?xml version="1.0" encoding="UTF-8"?>
<!-- Generated by org.testng.reporters.JUnitReportReporter -->
<testsuite skipped="0" hostname="DESKTOP-0GRNSBL" name="com.groups.ww.GroupsOnClass2" tests="4" failures="0" timestamp="2019-09-23T22:31:47 CST" time="0.013" errors="0">
  <testcase name="stu2" time="0.003" classname="com.groups.ww.GroupsOnClass2"/>
  <testcase name="stu1" time="0.002" classname="com.groups.ww.GroupsOnClass2"/>
  <testcase name="stu1" time="0.005" classname="com.groups.ww.GroupsOnClass2"/>
  <testcase name="stu2" time="0.003" classname="com.groups.ww.GroupsOnClass2"/>
</testsuite> <!-- com.groups.ww.GroupsOnClass2 -->
