<?xml version="1.0" encoding="UTF-8"?>
<!-- Generated by org.testng.reporters.JUnitReportReporter -->
<testsuite skipped="0" hostname="DESKTOP-0GRNSBL" name="com.groups.ww.GroupsOnClass3" tests="2" failures="0" timestamp="2019-09-23T22:31:47 CST" time="0.007" errors="0">
  <testcase name="teacher1" time="0.003" classname="com.groups.ww.GroupsOnClass3"/>
  <testcase name="teacher2" time="0.004" classname="com.groups.ww.GroupsOnClass3"/>
</testsuite> <!-- com.groups.ww.GroupsOnClass3 -->
