<?xml version="1.0" encoding="UTF-8"?>
<!-- Generated by org.testng.reporters.JUnitReportReporter -->
<testsuite skipped="0" hostname="DESKTOP-0GRNSBL" name="com.icecream.ww.BasciAnnotation" tests="2" failures="0" timestamp="2019-09-23T20:04:52 CST" time="0.008" errors="0">
  <testcase name="testCase2" time="0.003" classname="com.icecream.ww.BasciAnnotation"/>
  <testcase name="testCase1" time="0.005" classname="com.icecream.ww.BasciAnnotation"/>
</testsuite> <!-- com.icecream.ww.BasciAnnotation -->
