<?xml version="1.0" encoding="UTF-8"?>
<!-- Generated by org.testng.reporters.JUnitReportReporter -->
<testsuite skipped="0" hostname="DESKTOP-0GRNSBL" name="com.groups.ww.GroupOnMethod" tests="4" failures="0" timestamp="2019-09-23T21:09:24 CST" time="0.009" errors="0">
  <testcase name="test3" time="0.002" classname="com.groups.ww.GroupOnMethod"/>
  <testcase name="test2" time="0.001" classname="com.groups.ww.GroupOnMethod"/>
  <testcase name="test4" time="0.001" classname="com.groups.ww.GroupOnMethod"/>
  <testcase name="test1" time="0.005" classname="com.groups.ww.GroupOnMethod"/>
</testsuite> <!-- com.groups.ww.GroupOnMethod -->
