<?xml version="1.0" encoding="UTF-8"?>
<!-- Generated by org.testng.reporters.JUnitReportReporter -->
<testsuite skipped="1" hostname="DESKTOP-0GRNSBL" name="com.suite.ww.IgnoreTest" tests="3" failures="0" timestamp="2019-09-23T20:49:08 CST" time="0.012" errors="0">
  <testcase name="ignore3" time="0.002" classname="com.suite.ww.IgnoreTest"/>
  <testcase name="ignore1" time="0.010" classname="com.suite.ww.IgnoreTest"/>
  <testcase name="ignore2" classname="com.suite.ww.IgnoreTest">
    <skipped/>
  </testcase> <!-- ignore2 -->
</testsuite> <!-- com.suite.ww.IgnoreTest -->
