<?xml version="1.0" encoding="UTF-8"?>
<!-- Generated by org.testng.reporters.JUnitReportReporter -->
<testsuite skipped="0" hostname="DESKTOP-0GRNSBL" name="com.suite.ww.LoginTest" tests="1" failures="0" timestamp="2019-09-23T20:41:56 CST" time="0.005" errors="0">
  <testcase name="loginTaoBao" time="0.005" classname="com.suite.ww.LoginTest"/>
</testsuite> <!-- com.suite.ww.LoginTest -->
